<?xml version="1.0" encoding="UTF-8" ?>
<testsuite failures="0" time="0.019" errors="0" skipped="0" tests="1" name="com.mycompany.loansystemmaven.AppTest">
  <properties>
    <property name="java.runtime.name" value="Java(TM) SE Runtime Environment"/>
    <property name="sun.boot.library.path" value="C:\Program Files\Java\jdk1.6.0_25\jre\bin"/>
    <property name="java.vm.version" value="20.0-b11"/>
    <property name="java.vm.vendor" value="Sun Microsystems Inc."/>
    <property name="java.vendor.url" value="http://java.sun.com/"/>
    <property name="path.separator" value=";"/>
    <property name="java.vm.name" value="Java HotSpot(TM) 64-Bit Server VM"/>
    <property name="file.encoding.pkg" value="sun.io"/>
    <property name="user.country" value="US"/>
    <property name="sun.java.launcher" value="SUN_STANDARD"/>
    <property name="sun.os.patch.level" value="Service Pack 1"/>
    <property name="java.vm.specification.name" value="Java Virtual Machine Specification"/>
    <property name="user.dir" value="C:\Users\Antonve\Documents\NetBeansProjects\Erki_Loan_System"/>
    <property name="java.runtime.version" value="1.6.0_25-b06"/>
    <property name="java.awt.graphicsenv" value="sun.awt.Win32GraphicsEnvironment"/>
    <property name="basedir" value="C:\Users\Antonve\Documents\NetBeansProjects\Erki_Loan_System"/>
    <property name="java.endorsed.dirs" value="C:\Program Files\Java\jdk1.6.0_25\jre\lib\endorsed"/>
    <property name="os.arch" value="amd64"/>
    <property name="surefire.real.class.path" value="C:\Users\Antonve\Documents\NetBeansProjects\Erki_Loan_System\target\surefire\surefirebooter591868207556312782.jar"/>
    <property name="java.io.tmpdir" value="C:\Users\Antonve\AppData\Local\Temp\"/>
    <property name="line.separator" value="
"/>
    <property name="java.vm.specification.vendor" value="Sun Microsystems Inc."/>
    <property name="user.variant" value=""/>
    <property name="os.name" value="Windows 7"/>
    <property name="sun.jnu.encoding" value="Cp1257"/>
    <property name="java.library.path" value="C:\Program Files\Java\jdk1.6.0_25\jre\bin;.;C:\Windows\Sun\Java\bin;C:\Windows\system32;C:\Windows;C:\Program Files\Common Files\Microsoft Shared\Windows Live;C:\Program Files (x86)\Common Files\Microsoft Shared\Windows Live;C:\app\antonve\product\11.2.0\client_1\bin;C:\Program Files (x86)\PHP\;C:\Windows\system32;C:\Windows;C:\Windows\System32\Wbem;C:\Windows\System32\WindowsPowerShell\v1.0\;C:\Program Files\WIDCOMM\Bluetooth Software\;C:\Program Files\WIDCOMM\Bluetooth Software\syswow64;C:\Program Files\Intel\WiFi\bin\;C:\Program Files\Common Files\Intel\WirelessCommon\;C:\Program Files (x86)\NTRU Cryptosystems\NTRU TCG Software Stack\bin\;C:\Program Files\NTRU Cryptosystems\NTRU TCG Software Stack\bin\;C:\Program Files (x86)\Intel\Services\IPT\;C:\Program Files\Dell\Dell Data Protection\Access\Advanced\Wave\Gemalto\Access Client\v5\;C:\Program Files (x86)\Common Files\Roxio Shared\DLLShared\;C:\Program Files (x86)\Common Files\Roxio Shared\OEM\DLLShared\;C:\Program Files (x86)\Common Files\Roxio Shared\OEM\DLLShared\;C:\Program Files (x86)\Common Files\Roxio Shared\OEM\12.0\DLLShared\;C:\Program Files (x86)\Roxio\OEM\AudioCore\;C:\Program Files (x86)\Windows Live\Shared;C:\Program Files\Java\jdk1.6.0_25\bin;C:\progs\apache-maven-3.0.3\bin;C:\Program Files\TortoiseSVN\bin;C:\Program Files\SlikSvn\bin\;C:\Program Files (x86)\MySQL\MySQL Server 5.5\bin;C:\php\ext;C:\Program Files\Perforce;C:\progs\pskill;C:\Program Files (x86)\Git\cmd"/>
    <property name="surefire.test.class.path" value="C:\Users\Antonve\Documents\NetBeansProjects\Erki_Loan_System\target\test-classes;C:\Users\Antonve\Documents\NetBeansProjects\Erki_Loan_System\target\classes;C:\Users\Antonve\.m2\repository\org\jdesktop\appframework\1.0.3\appframework-1.0.3.jar;C:\Users\Antonve\.m2\repository\org\jdesktop\swing-worker\1.1\swing-worker-1.1.jar;C:\Users\Antonve\.m2\repository\hibernate\hibernate3\3.2.4.SP1\hibernate3-3.2.4.SP1.jar;C:\Users\Antonve\.m2\repository\hibernate-annotations\hibernate-annotations\3.3.0.GA\hibernate-annotations-3.3.0.GA.jar;C:\Users\Antonve\.m2\repository\javax\persistence\persistence-api\1.0\persistence-api-1.0.jar;C:\Users\Antonve\.m2\repository\javax\transaction\jta\1.1\jta-1.1.jar;C:\Users\Antonve\.m2\repository\antlr\antlr\2.7.7\antlr-2.7.7.jar;C:\Users\Antonve\.m2\repository\hsqldb\hsqldb\1.8.0.2\hsqldb-1.8.0.2.jar;C:\Users\Antonve\.m2\repository\jboss\jboss-common-core\2.2.0.GA\jboss-common-core-2.2.0.GA.jar;C:\Users\Antonve\.m2\repository\apache-xerces\xml-apis\2.7.1\xml-apis-2.7.1.jar;C:\Users\Antonve\.m2\repository\apache-httpclient\commons-httpclient\2.0.2\commons-httpclient-2.0.2.jar;C:\Users\Antonve\.m2\repository\oswego-concurrent\concurrent\1.3.4\concurrent-1.3.4.jar;C:\Users\Antonve\.m2\repository\apache-slide\webdavlib\2.0\webdavlib-2.0.jar;C:\Users\Antonve\.m2\repository\jboss\jboss-common-logging-spi\2.0.4.GA\jboss-common-logging-spi-2.0.4.GA.jar;C:\Users\Antonve\.m2\repository\commons-collections\commons-collections\3.2\commons-collections-3.2.jar;C:\Users\Antonve\.m2\repository\commons-logging\commons-logging\1.1.0.jboss\commons-logging-1.1.0.jboss.jar;C:\Users\Antonve\.m2\repository\javassist\javassist\3.12.0.GA\javassist-3.12.0.GA.jar;C:\Users\Antonve\.m2\repository\cglib\cglib\2.1_3\cglib-2.1_3.jar;C:\Users\Antonve\.m2\repository\asm\asm\1.5.3\asm-1.5.3.jar;C:\Users\Antonve\.m2\repository\log4j\log4j\1.2.16\log4j-1.2.16.jar;C:\Users\Antonve\.m2\repository\dom4j\dom4j\1.6.1\dom4j-1.6.1.jar;C:\Users\Antonve\.m2\repository\xml-apis\xml-apis\1.0.b2\xml-apis-1.0.b2.jar;C:\Users\Antonve\.m2\repository\org\hibernate\hibernate-core\3.6.3.Final\hibernate-core-3.6.3.Final.jar;C:\Users\Antonve\.m2\repository\org\hibernate\hibernate-commons-annotations\3.2.0.Final\hibernate-commons-annotations-3.2.0.Final.jar;C:\Users\Antonve\.m2\repository\org\hibernate\javax\persistence\hibernate-jpa-2.0-api\1.0.0.Final\hibernate-jpa-2.0-api-1.0.0.Final.jar;C:\Users\Antonve\.m2\repository\org\slf4j\slf4j-api\1.6.1\slf4j-api-1.6.1.jar;C:\Users\Antonve\.m2\repository\org\slf4j\slf4j-log4j12\1.6.1\slf4j-log4j12-1.6.1.jar;C:\Users\Antonve\.m2\repository\junit\junit\4.1\junit-4.1.jar;C:\Users\Antonve\.m2\repository\org\xerial\sqlite-jdbc\3.7.2\sqlite-jdbc-3.7.2.jar;"/>
    <property name="java.specification.name" value="Java Platform API Specification"/>
    <property name="java.class.version" value="50.0"/>
    <property name="sun.management.compiler" value="HotSpot 64-Bit Tiered Compilers"/>
    <property name="os.version" value="6.1"/>
    <property name="user.home" value="C:\Users\Antonve"/>
    <property name="user.timezone" value=""/>
    <property name="java.awt.printerjob" value="sun.awt.windows.WPrinterJob"/>
    <property name="java.specification.version" value="1.6"/>
    <property name="file.encoding" value="Cp1252"/>
    <property name="user.name" value="antonve"/>
    <property name="java.class.path" value="C:\Users\Antonve\Documents\NetBeansProjects\Erki_Loan_System\target\test-classes;C:\Users\Antonve\Documents\NetBeansProjects\Erki_Loan_System\target\classes;C:\Users\Antonve\.m2\repository\org\jdesktop\appframework\1.0.3\appframework-1.0.3.jar;C:\Users\Antonve\.m2\repository\org\jdesktop\swing-worker\1.1\swing-worker-1.1.jar;C:\Users\Antonve\.m2\repository\hibernate\hibernate3\3.2.4.SP1\hibernate3-3.2.4.SP1.jar;C:\Users\Antonve\.m2\repository\hibernate-annotations\hibernate-annotations\3.3.0.GA\hibernate-annotations-3.3.0.GA.jar;C:\Users\Antonve\.m2\repository\javax\persistence\persistence-api\1.0\persistence-api-1.0.jar;C:\Users\Antonve\.m2\repository\javax\transaction\jta\1.1\jta-1.1.jar;C:\Users\Antonve\.m2\repository\antlr\antlr\2.7.7\antlr-2.7.7.jar;C:\Users\Antonve\.m2\repository\hsqldb\hsqldb\1.8.0.2\hsqldb-1.8.0.2.jar;C:\Users\Antonve\.m2\repository\jboss\jboss-common-core\2.2.0.GA\jboss-common-core-2.2.0.GA.jar;C:\Users\Antonve\.m2\repository\apache-xerces\xml-apis\2.7.1\xml-apis-2.7.1.jar;C:\Users\Antonve\.m2\repository\apache-httpclient\commons-httpclient\2.0.2\commons-httpclient-2.0.2.jar;C:\Users\Antonve\.m2\repository\oswego-concurrent\concurrent\1.3.4\concurrent-1.3.4.jar;C:\Users\Antonve\.m2\repository\apache-slide\webdavlib\2.0\webdavlib-2.0.jar;C:\Users\Antonve\.m2\repository\jboss\jboss-common-logging-spi\2.0.4.GA\jboss-common-logging-spi-2.0.4.GA.jar;C:\Users\Antonve\.m2\repository\commons-collections\commons-collections\3.2\commons-collections-3.2.jar;C:\Users\Antonve\.m2\repository\commons-logging\commons-logging\1.1.0.jboss\commons-logging-1.1.0.jboss.jar;C:\Users\Antonve\.m2\repository\javassist\javassist\3.12.0.GA\javassist-3.12.0.GA.jar;C:\Users\Antonve\.m2\repository\cglib\cglib\2.1_3\cglib-2.1_3.jar;C:\Users\Antonve\.m2\repository\asm\asm\1.5.3\asm-1.5.3.jar;C:\Users\Antonve\.m2\repository\log4j\log4j\1.2.16\log4j-1.2.16.jar;C:\Users\Antonve\.m2\repository\dom4j\dom4j\1.6.1\dom4j-1.6.1.jar;C:\Users\Antonve\.m2\repository\xml-apis\xml-apis\1.0.b2\xml-apis-1.0.b2.jar;C:\Users\Antonve\.m2\repository\org\hibernate\hibernate-core\3.6.3.Final\hibernate-core-3.6.3.Final.jar;C:\Users\Antonve\.m2\repository\org\hibernate\hibernate-commons-annotations\3.2.0.Final\hibernate-commons-annotations-3.2.0.Final.jar;C:\Users\Antonve\.m2\repository\org\hibernate\javax\persistence\hibernate-jpa-2.0-api\1.0.0.Final\hibernate-jpa-2.0-api-1.0.0.Final.jar;C:\Users\Antonve\.m2\repository\org\slf4j\slf4j-api\1.6.1\slf4j-api-1.6.1.jar;C:\Users\Antonve\.m2\repository\org\slf4j\slf4j-log4j12\1.6.1\slf4j-log4j12-1.6.1.jar;C:\Users\Antonve\.m2\repository\junit\junit\4.1\junit-4.1.jar;C:\Users\Antonve\.m2\repository\org\xerial\sqlite-jdbc\3.7.2\sqlite-jdbc-3.7.2.jar;"/>
    <property name="java.vm.specification.version" value="1.0"/>
    <property name="sun.arch.data.model" value="64"/>
    <property name="java.home" value="C:\Program Files\Java\jdk1.6.0_25\jre"/>
    <property name="sun.java.command" value="C:\Users\Antonve\Documents\NetBeansProjects\Erki_Loan_System\target\surefire\surefirebooter591868207556312782.jar C:\Users\Antonve\Documents\NetBeansProjects\Erki_Loan_System\target\surefire\surefire327452197549319285tmp C:\Users\Antonve\Documents\NetBeansProjects\Erki_Loan_System\target\surefire\surefire927939269888724773tmp"/>
    <property name="java.specification.vendor" value="Sun Microsystems Inc."/>
    <property name="user.language" value="en"/>
    <property name="awt.toolkit" value="sun.awt.windows.WToolkit"/>
    <property name="java.vm.info" value="mixed mode"/>
    <property name="java.version" value="1.6.0_25"/>
    <property name="java.ext.dirs" value="C:\Program Files\Java\jdk1.6.0_25\jre\lib\ext;C:\Windows\Sun\Java\lib\ext"/>
    <property name="sun.boot.class.path" value="C:\Program Files\Java\jdk1.6.0_25\jre\lib\resources.jar;C:\Program Files\Java\jdk1.6.0_25\jre\lib\rt.jar;C:\Program Files\Java\jdk1.6.0_25\jre\lib\sunrsasign.jar;C:\Program Files\Java\jdk1.6.0_25\jre\lib\jsse.jar;C:\Program Files\Java\jdk1.6.0_25\jre\lib\jce.jar;C:\Program Files\Java\jdk1.6.0_25\jre\lib\charsets.jar;C:\Program Files\Java\jdk1.6.0_25\jre\lib\modules\jdk.boot.jar;C:\Program Files\Java\jdk1.6.0_25\jre\classes"/>
    <property name="java.vendor" value="Sun Microsystems Inc."/>
    <property name="localRepository" value="C:\Users\Antonve\.m2\repository"/>
    <property name="file.separator" value="\"/>
    <property name="java.vendor.url.bug" value="http://java.sun.com/cgi-bin/bugreport.cgi"/>
    <property name="sun.cpu.endian" value="little"/>
    <property name="sun.io.unicode.encoding" value="UnicodeLittle"/>
    <property name="sun.desktop" value="windows"/>
    <property name="sun.cpu.isalist" value="amd64"/>
  </properties>
  <testcase time="0.001" classname="com.mycompany.loansystemmaven.AppTest" name="testApp"/>
</testsuite>